<?xml version="1.0" encoding="UTF-8"?>
<testsuite xmlns:xsi="http://www.w3.org/2001/XMLSchema-instance" xsi:noNamespaceSchemaLocation="https://maven.apache.org/surefire/maven-surefire-plugin/xsd/surefire-test-report-3.0.xsd" version="3.0" name="VertxServerTest" time="0.3" tests="1" errors="0" skipped="0" failures="0">
  <properties>
    <property name="sun.desktop" value="gnome"/>
    <property name="awt.toolkit" value="sun.awt.X11.XToolkit"/>
    <property name="java.specification.version" value="11"/>
    <property name="sun.cpu.isalist" value=""/>
    <property name="sun.jnu.encoding" value="UTF-8"/>
    <property name="java.class.path" value="/home/kali/git/target/test-classes:/home/kali/git/target/classes:/home/kali/.m2/repository/io/vertx/vertx-web/4.0.0-milestone5/vertx-web-4.0.0-milestone5.jar:/home/kali/.m2/repository/io/vertx/vertx-web-common/4.0.0-milestone5/vertx-web-common-4.0.0-milestone5.jar:/home/kali/.m2/repository/io/vertx/vertx-auth-common/4.0.0-milestone5/vertx-auth-common-4.0.0-milestone5.jar:/home/kali/.m2/repository/io/vertx/vertx-bridge-common/4.0.0-milestone5/vertx-bridge-common-4.0.0-milestone5.jar:/home/kali/.m2/repository/io/vertx/vertx-core/4.0.0-milestone5/vertx-core-4.0.0-milestone5.jar:/home/kali/.m2/repository/io/netty/netty-common/4.1.49.Final/netty-common-4.1.49.Final.jar:/home/kali/.m2/repository/io/netty/netty-buffer/4.1.49.Final/netty-buffer-4.1.49.Final.jar:/home/kali/.m2/repository/io/netty/netty-transport/4.1.49.Final/netty-transport-4.1.49.Final.jar:/home/kali/.m2/repository/io/netty/netty-handler/4.1.49.Final/netty-handler-4.1.49.Final.jar:/home/kali/.m2/repository/io/netty/netty-codec/4.1.49.Final/netty-codec-4.1.49.Final.jar:/home/kali/.m2/repository/io/netty/netty-handler-proxy/4.1.49.Final/netty-handler-proxy-4.1.49.Final.jar:/home/kali/.m2/repository/io/netty/netty-codec-socks/4.1.49.Final/netty-codec-socks-4.1.49.Final.jar:/home/kali/.m2/repository/io/netty/netty-codec-http/4.1.49.Final/netty-codec-http-4.1.49.Final.jar:/home/kali/.m2/repository/io/netty/netty-codec-http2/4.1.49.Final/netty-codec-http2-4.1.49.Final.jar:/home/kali/.m2/repository/io/netty/netty-resolver/4.1.49.Final/netty-resolver-4.1.49.Final.jar:/home/kali/.m2/repository/io/netty/netty-resolver-dns/4.1.49.Final/netty-resolver-dns-4.1.49.Final.jar:/home/kali/.m2/repository/io/netty/netty-codec-dns/4.1.49.Final/netty-codec-dns-4.1.49.Final.jar:/home/kali/.m2/repository/com/fasterxml/jackson/core/jackson-core/2.10.2/jackson-core-2.10.2.jar:/home/kali/.m2/repository/io/vertx/vertx-unit/4.0.0-milestone5/vertx-unit-4.0.0-milestone5.jar:/home/kali/.m2/repository/io/vertx/vertx-web-client/4.0.0-milestone5/vertx-web-client-4.0.0-milestone5.jar:/home/kali/.m2/repository/io/vertx/vertx-junit5/4.0.0-milestone5/vertx-junit5-4.0.0-milestone5.jar:/home/kali/.m2/repository/io/vertx/vertx-rx-java2/4.0.0-milestone5/vertx-rx-java2-4.0.0-milestone5.jar:/home/kali/.m2/repository/io/vertx/vertx-rx-java2-gen/4.0.0-milestone5/vertx-rx-java2-gen-4.0.0-milestone5.jar:/home/kali/.m2/repository/io/reactivex/rxjava2/rxjava/2.2.12/rxjava-2.2.12.jar:/home/kali/.m2/repository/org/reactivestreams/reactive-streams/1.0.3/reactive-streams-1.0.3.jar:/home/kali/.m2/repository/io/vertx/vertx-rx-gen/4.0.0-milestone5/vertx-rx-gen-4.0.0-milestone5.jar:/home/kali/.m2/repository/io/vertx/vertx-codegen/4.0.0-milestone5/vertx-codegen-4.0.0-milestone5.jar:/home/kali/.m2/repository/org/apache/maven/plugins/maven-assembly-plugin/3.2.0/maven-assembly-plugin-3.2.0.jar:/home/kali/.m2/repository/org/apache/maven/maven-plugin-api/3.0/maven-plugin-api-3.0.jar:/home/kali/.m2/repository/org/sonatype/sisu/sisu-inject-plexus/1.4.2/sisu-inject-plexus-1.4.2.jar:/home/kali/.m2/repository/org/sonatype/sisu/sisu-inject-bean/1.4.2/sisu-inject-bean-1.4.2.jar:/home/kali/.m2/repository/org/sonatype/sisu/sisu-guice/2.1.7/sisu-guice-2.1.7-noaop.jar:/home/kali/.m2/repository/org/apache/maven/maven-core/3.0/maven-core-3.0.jar:/home/kali/.m2/repository/org/apache/maven/maven-settings/3.0/maven-settings-3.0.jar:/home/kali/.m2/repository/org/apache/maven/maven-settings-builder/3.0/maven-settings-builder-3.0.jar:/home/kali/.m2/repository/org/apache/maven/maven-repository-metadata/3.0/maven-repository-metadata-3.0.jar:/home/kali/.m2/repository/org/apache/maven/maven-model-builder/3.0/maven-model-builder-3.0.jar:/home/kali/.m2/repository/org/apache/maven/maven-aether-provider/3.0/maven-aether-provider-3.0.jar:/home/kali/.m2/repository/org/sonatype/aether/aether-impl/1.7/aether-impl-1.7.jar:/home/kali/.m2/repository/org/sonatype/aether/aether-spi/1.7/aether-spi-1.7.jar:/home/kali/.m2/repository/org/sonatype/aether/aether-api/1.7/aether-api-1.7.jar:/home/kali/.m2/repository/org/sonatype/aether/aether-util/1.7/aether-util-1.7.jar:/home/kali/.m2/repository/org/codehaus/plexus/plexus-classworlds/2.2.3/plexus-classworlds-2.2.3.jar:/home/kali/.m2/repository/org/codehaus/plexus/plexus-component-annotations/1.5.5/plexus-component-annotations-1.5.5.jar:/home/kali/.m2/repository/org/sonatype/plexus/plexus-sec-dispatcher/1.3/plexus-sec-dispatcher-1.3.jar:/home/kali/.m2/repository/org/sonatype/plexus/plexus-cipher/1.4/plexus-cipher-1.4.jar:/home/kali/.m2/repository/org/apache/maven/maven-artifact/3.0/maven-artifact-3.0.jar:/home/kali/.m2/repository/org/apache/maven/maven-model/3.0/maven-model-3.0.jar:/home/kali/.m2/repository/org/apache/maven/shared/maven-common-artifact-filters/3.1.0/maven-common-artifact-filters-3.1.0.jar:/home/kali/.m2/repository/org/apache/maven/shared/maven-shared-utils/3.1.0/maven-shared-utils-3.1.0.jar:/home/kali/.m2/repository/org/apache/maven/shared/maven-artifact-transfer/0.11.0/maven-artifact-transfer-0.11.0.jar:/home/kali/.m2/repository/org/codehaus/plexus/plexus-interpolation/1.25/plexus-interpolation-1.25.jar:/home/kali/.m2/repository/org/codehaus/plexus/plexus-archiver/4.2.1/plexus-archiver-4.2.1.jar:/home/kali/.m2/repository/org/apache/commons/commons-compress/1.19/commons-compress-1.19.jar:/home/kali/.m2/repository/org/iq80/snappy/snappy/0.4/snappy-0.4.jar:/home/kali/.m2/repository/org/tukaani/xz/1.8/xz-1.8.jar:/home/kali/.m2/repository/org/apache/maven/shared/file-management/3.0.0/file-management-3.0.0.jar:/home/kali/.m2/repository/org/apache/maven/shared/maven-shared-io/3.0.0/maven-shared-io-3.0.0.jar:/home/kali/.m2/repository/org/apache/maven/maven-compat/3.0/maven-compat-3.0.jar:/home/kali/.m2/repository/org/apache/maven/wagon/wagon-provider-api/2.10/wagon-provider-api-2.10.jar:/home/kali/.m2/repository/commons-io/commons-io/2.5/commons-io-2.5.jar:/home/kali/.m2/repository/org/apache/maven/shared/maven-filtering/3.1.1/maven-filtering-3.1.1.jar:/home/kali/.m2/repository/org/sonatype/plexus/plexus-build-api/0.0.7/plexus-build-api-0.0.7.jar:/home/kali/.m2/repository/org/codehaus/plexus/plexus-io/3.2.0/plexus-io-3.2.0.jar:/home/kali/.m2/repository/org/apache/maven/maven-archiver/3.5.0/maven-archiver-3.5.0.jar:/home/kali/.m2/repository/org/codehaus/plexus/plexus-utils/3.3.0/plexus-utils-3.3.0.jar:/home/kali/.m2/repository/commons-codec/commons-codec/1.6/commons-codec-1.6.jar:/home/kali/.m2/repository/org/junit/jupiter/junit-jupiter-api/5.7.0/junit-jupiter-api-5.7.0.jar:/home/kali/.m2/repository/org/apiguardian/apiguardian-api/1.1.0/apiguardian-api-1.1.0.jar:/home/kali/.m2/repository/org/opentest4j/opentest4j/1.2.0/opentest4j-1.2.0.jar:/home/kali/.m2/repository/org/junit/platform/junit-platform-commons/1.7.0/junit-platform-commons-1.7.0.jar:/home/kali/.m2/repository/org/junit/jupiter/junit-jupiter-engine/5.7.0/junit-jupiter-engine-5.7.0.jar:/home/kali/.m2/repository/org/junit/platform/junit-platform-engine/1.7.0/junit-platform-engine-1.7.0.jar:/home/kali/.m2/repository/org/junit/vintage/junit-vintage-engine/5.7.0/junit-vintage-engine-5.7.0.jar:/home/kali/.m2/repository/junit/junit/4.13/junit-4.13.jar:/home/kali/.m2/repository/org/hamcrest/hamcrest-core/1.3/hamcrest-core-1.3.jar:/home/kali/.m2/repository/org/junit/jupiter/junit-jupiter-params/5.7.0/junit-jupiter-params-5.7.0.jar:/home/kali/.m2/repository/org/slf4j/slf4j-simple/1.6.2/slf4j-simple-1.6.2.jar:/home/kali/.m2/repository/org/slf4j/slf4j-api/1.6.2/slf4j-api-1.6.2.jar:"/>
    <property name="java.vm.vendor" value="Ubuntu"/>
    <property name="sun.arch.data.model" value="64"/>
    <property name="java.vendor.url" value="https://ubuntu.com/"/>
    <property name="user.timezone" value=""/>
    <property name="java.vm.specification.version" value="11"/>
    <property name="os.name" value="Linux"/>
    <property name="user.country" value="US"/>
    <property name="sun.java.launcher" value="SUN_STANDARD"/>
    <property name="sun.boot.library.path" value="/usr/lib/jvm/java-11-openjdk-amd64/lib"/>
    <property name="sun.java.command" value="/home/kali/git/target/surefire/surefirebooter5416752723923004076.jar /home/kali/git/target/surefire 2020-10-03T04-45-57_309-jvmRun1 surefire6238540463981118128tmp surefire_02313657829850524935tmp"/>
    <property name="jdk.debug" value="release"/>
    <property name="surefire.test.class.path" value="/home/kali/git/target/test-classes:/home/kali/git/target/classes:/home/kali/.m2/repository/io/vertx/vertx-web/4.0.0-milestone5/vertx-web-4.0.0-milestone5.jar:/home/kali/.m2/repository/io/vertx/vertx-web-common/4.0.0-milestone5/vertx-web-common-4.0.0-milestone5.jar:/home/kali/.m2/repository/io/vertx/vertx-auth-common/4.0.0-milestone5/vertx-auth-common-4.0.0-milestone5.jar:/home/kali/.m2/repository/io/vertx/vertx-bridge-common/4.0.0-milestone5/vertx-bridge-common-4.0.0-milestone5.jar:/home/kali/.m2/repository/io/vertx/vertx-core/4.0.0-milestone5/vertx-core-4.0.0-milestone5.jar:/home/kali/.m2/repository/io/netty/netty-common/4.1.49.Final/netty-common-4.1.49.Final.jar:/home/kali/.m2/repository/io/netty/netty-buffer/4.1.49.Final/netty-buffer-4.1.49.Final.jar:/home/kali/.m2/repository/io/netty/netty-transport/4.1.49.Final/netty-transport-4.1.49.Final.jar:/home/kali/.m2/repository/io/netty/netty-handler/4.1.49.Final/netty-handler-4.1.49.Final.jar:/home/kali/.m2/repository/io/netty/netty-codec/4.1.49.Final/netty-codec-4.1.49.Final.jar:/home/kali/.m2/repository/io/netty/netty-handler-proxy/4.1.49.Final/netty-handler-proxy-4.1.49.Final.jar:/home/kali/.m2/repository/io/netty/netty-codec-socks/4.1.49.Final/netty-codec-socks-4.1.49.Final.jar:/home/kali/.m2/repository/io/netty/netty-codec-http/4.1.49.Final/netty-codec-http-4.1.49.Final.jar:/home/kali/.m2/repository/io/netty/netty-codec-http2/4.1.49.Final/netty-codec-http2-4.1.49.Final.jar:/home/kali/.m2/repository/io/netty/netty-resolver/4.1.49.Final/netty-resolver-4.1.49.Final.jar:/home/kali/.m2/repository/io/netty/netty-resolver-dns/4.1.49.Final/netty-resolver-dns-4.1.49.Final.jar:/home/kali/.m2/repository/io/netty/netty-codec-dns/4.1.49.Final/netty-codec-dns-4.1.49.Final.jar:/home/kali/.m2/repository/com/fasterxml/jackson/core/jackson-core/2.10.2/jackson-core-2.10.2.jar:/home/kali/.m2/repository/io/vertx/vertx-unit/4.0.0-milestone5/vertx-unit-4.0.0-milestone5.jar:/home/kali/.m2/repository/io/vertx/vertx-web-client/4.0.0-milestone5/vertx-web-client-4.0.0-milestone5.jar:/home/kali/.m2/repository/io/vertx/vertx-junit5/4.0.0-milestone5/vertx-junit5-4.0.0-milestone5.jar:/home/kali/.m2/repository/io/vertx/vertx-rx-java2/4.0.0-milestone5/vertx-rx-java2-4.0.0-milestone5.jar:/home/kali/.m2/repository/io/vertx/vertx-rx-java2-gen/4.0.0-milestone5/vertx-rx-java2-gen-4.0.0-milestone5.jar:/home/kali/.m2/repository/io/reactivex/rxjava2/rxjava/2.2.12/rxjava-2.2.12.jar:/home/kali/.m2/repository/org/reactivestreams/reactive-streams/1.0.3/reactive-streams-1.0.3.jar:/home/kali/.m2/repository/io/vertx/vertx-rx-gen/4.0.0-milestone5/vertx-rx-gen-4.0.0-milestone5.jar:/home/kali/.m2/repository/io/vertx/vertx-codegen/4.0.0-milestone5/vertx-codegen-4.0.0-milestone5.jar:/home/kali/.m2/repository/org/apache/maven/plugins/maven-assembly-plugin/3.2.0/maven-assembly-plugin-3.2.0.jar:/home/kali/.m2/repository/org/apache/maven/maven-plugin-api/3.0/maven-plugin-api-3.0.jar:/home/kali/.m2/repository/org/sonatype/sisu/sisu-inject-plexus/1.4.2/sisu-inject-plexus-1.4.2.jar:/home/kali/.m2/repository/org/sonatype/sisu/sisu-inject-bean/1.4.2/sisu-inject-bean-1.4.2.jar:/home/kali/.m2/repository/org/sonatype/sisu/sisu-guice/2.1.7/sisu-guice-2.1.7-noaop.jar:/home/kali/.m2/repository/org/apache/maven/maven-core/3.0/maven-core-3.0.jar:/home/kali/.m2/repository/org/apache/maven/maven-settings/3.0/maven-settings-3.0.jar:/home/kali/.m2/repository/org/apache/maven/maven-settings-builder/3.0/maven-settings-builder-3.0.jar:/home/kali/.m2/repository/org/apache/maven/maven-repository-metadata/3.0/maven-repository-metadata-3.0.jar:/home/kali/.m2/repository/org/apache/maven/maven-model-builder/3.0/maven-model-builder-3.0.jar:/home/kali/.m2/repository/org/apache/maven/maven-aether-provider/3.0/maven-aether-provider-3.0.jar:/home/kali/.m2/repository/org/sonatype/aether/aether-impl/1.7/aether-impl-1.7.jar:/home/kali/.m2/repository/org/sonatype/aether/aether-spi/1.7/aether-spi-1.7.jar:/home/kali/.m2/repository/org/sonatype/aether/aether-api/1.7/aether-api-1.7.jar:/home/kali/.m2/repository/org/sonatype/aether/aether-util/1.7/aether-util-1.7.jar:/home/kali/.m2/repository/org/codehaus/plexus/plexus-classworlds/2.2.3/plexus-classworlds-2.2.3.jar:/home/kali/.m2/repository/org/codehaus/plexus/plexus-component-annotations/1.5.5/plexus-component-annotations-1.5.5.jar:/home/kali/.m2/repository/org/sonatype/plexus/plexus-sec-dispatcher/1.3/plexus-sec-dispatcher-1.3.jar:/home/kali/.m2/repository/org/sonatype/plexus/plexus-cipher/1.4/plexus-cipher-1.4.jar:/home/kali/.m2/repository/org/apache/maven/maven-artifact/3.0/maven-artifact-3.0.jar:/home/kali/.m2/repository/org/apache/maven/maven-model/3.0/maven-model-3.0.jar:/home/kali/.m2/repository/org/apache/maven/shared/maven-common-artifact-filters/3.1.0/maven-common-artifact-filters-3.1.0.jar:/home/kali/.m2/repository/org/apache/maven/shared/maven-shared-utils/3.1.0/maven-shared-utils-3.1.0.jar:/home/kali/.m2/repository/org/apache/maven/shared/maven-artifact-transfer/0.11.0/maven-artifact-transfer-0.11.0.jar:/home/kali/.m2/repository/org/codehaus/plexus/plexus-interpolation/1.25/plexus-interpolation-1.25.jar:/home/kali/.m2/repository/org/codehaus/plexus/plexus-archiver/4.2.1/plexus-archiver-4.2.1.jar:/home/kali/.m2/repository/org/apache/commons/commons-compress/1.19/commons-compress-1.19.jar:/home/kali/.m2/repository/org/iq80/snappy/snappy/0.4/snappy-0.4.jar:/home/kali/.m2/repository/org/tukaani/xz/1.8/xz-1.8.jar:/home/kali/.m2/repository/org/apache/maven/shared/file-management/3.0.0/file-management-3.0.0.jar:/home/kali/.m2/repository/org/apache/maven/shared/maven-shared-io/3.0.0/maven-shared-io-3.0.0.jar:/home/kali/.m2/repository/org/apache/maven/maven-compat/3.0/maven-compat-3.0.jar:/home/kali/.m2/repository/org/apache/maven/wagon/wagon-provider-api/2.10/wagon-provider-api-2.10.jar:/home/kali/.m2/repository/commons-io/commons-io/2.5/commons-io-2.5.jar:/home/kali/.m2/repository/org/apache/maven/shared/maven-filtering/3.1.1/maven-filtering-3.1.1.jar:/home/kali/.m2/repository/org/sonatype/plexus/plexus-build-api/0.0.7/plexus-build-api-0.0.7.jar:/home/kali/.m2/repository/org/codehaus/plexus/plexus-io/3.2.0/plexus-io-3.2.0.jar:/home/kali/.m2/repository/org/apache/maven/maven-archiver/3.5.0/maven-archiver-3.5.0.jar:/home/kali/.m2/repository/org/codehaus/plexus/plexus-utils/3.3.0/plexus-utils-3.3.0.jar:/home/kali/.m2/repository/commons-codec/commons-codec/1.6/commons-codec-1.6.jar:/home/kali/.m2/repository/org/junit/jupiter/junit-jupiter-api/5.7.0/junit-jupiter-api-5.7.0.jar:/home/kali/.m2/repository/org/apiguardian/apiguardian-api/1.1.0/apiguardian-api-1.1.0.jar:/home/kali/.m2/repository/org/opentest4j/opentest4j/1.2.0/opentest4j-1.2.0.jar:/home/kali/.m2/repository/org/junit/platform/junit-platform-commons/1.7.0/junit-platform-commons-1.7.0.jar:/home/kali/.m2/repository/org/junit/jupiter/junit-jupiter-engine/5.7.0/junit-jupiter-engine-5.7.0.jar:/home/kali/.m2/repository/org/junit/platform/junit-platform-engine/1.7.0/junit-platform-engine-1.7.0.jar:/home/kali/.m2/repository/org/junit/vintage/junit-vintage-engine/5.7.0/junit-vintage-engine-5.7.0.jar:/home/kali/.m2/repository/junit/junit/4.13/junit-4.13.jar:/home/kali/.m2/repository/org/hamcrest/hamcrest-core/1.3/hamcrest-core-1.3.jar:/home/kali/.m2/repository/org/junit/jupiter/junit-jupiter-params/5.7.0/junit-jupiter-params-5.7.0.jar:/home/kali/.m2/repository/org/slf4j/slf4j-simple/1.6.2/slf4j-simple-1.6.2.jar:/home/kali/.m2/repository/org/slf4j/slf4j-api/1.6.2/slf4j-api-1.6.2.jar:"/>
    <property name="sun.cpu.endian" value="little"/>
    <property name="user.home" value="/home/kali"/>
    <property name="user.language" value="en"/>
    <property name="java.specification.vendor" value="Oracle Corporation"/>
    <property name="java.version.date" value="2020-07-14"/>
    <property name="java.home" value="/usr/lib/jvm/java-11-openjdk-amd64"/>
    <property name="file.separator" value="/"/>
    <property name="basedir" value="/home/kali/git"/>
    <property name="java.vm.compressedOopsMode" value="32-bit"/>
    <property name="line.separator" value="&#10;"/>
    <property name="java.specification.name" value="Java Platform API Specification"/>
    <property name="java.vm.specification.vendor" value="Oracle Corporation"/>
    <property name="java.awt.graphicsenv" value="sun.awt.X11GraphicsEnvironment"/>
    <property name="surefire.real.class.path" value="/home/kali/git/target/surefire/surefirebooter5416752723923004076.jar"/>
    <property name="sun.management.compiler" value="HotSpot 64-Bit Tiered Compilers"/>
    <property name="java.runtime.version" value="11.0.8+10-post-Ubuntu-0ubuntu120.04"/>
    <property name="user.name" value="kali"/>
    <property name="path.separator" value=":"/>
    <property name="os.version" value="5.4.0-26-generic"/>
    <property name="java.runtime.name" value="OpenJDK Runtime Environment"/>
    <property name="file.encoding" value="UTF-8"/>
    <property name="sun.nio.ch.bugLevel" value=""/>
    <property name="java.vm.name" value="OpenJDK 64-Bit Server VM"/>
    <property name="io.netty.noJdkZlibDecoder" value="false"/>
    <property name="localRepository" value="/home/kali/.m2/repository"/>
    <property name="java.vendor.url.bug" value="https://bugs.launchpad.net/ubuntu/+source/openjdk-lts"/>
    <property name="java.io.tmpdir" value="/tmp"/>
    <property name="java.version" value="11.0.8"/>
    <property name="user.dir" value="/home/kali/git"/>
    <property name="os.arch" value="amd64"/>
    <property name="java.vm.specification.name" value="Java Virtual Machine Specification"/>
    <property name="java.awt.printerjob" value="sun.print.PSPrinterJob"/>
    <property name="sun.os.patch.level" value="unknown"/>
    <property name="java.library.path" value="/usr/java/packages/lib:/usr/lib/x86_64-linux-gnu/jni:/lib/x86_64-linux-gnu:/usr/lib/x86_64-linux-gnu:/usr/lib/jni:/lib:/usr/lib"/>
    <property name="java.vm.info" value="mixed mode, sharing"/>
    <property name="java.vendor" value="Ubuntu"/>
    <property name="java.vm.version" value="11.0.8+10-post-Ubuntu-0ubuntu120.04"/>
    <property name="sun.io.unicode.encoding" value="UnicodeLittle"/>
    <property name="java.class.version" value="55.0"/>
  </properties>
  <testcase name="testGet(TestContext)" classname="VertxServerTest" time="0.291">
    <system-out><![CDATA[Running @Test testGet now
Chyba: Connection refused: localhost/127.0.0.1:8088
]]></system-out>
    <system-err><![CDATA[272 [vert.x-eventloop-thread-1] ERROR io.vertx.core.http.impl.HttpClientRequestImpl - io.netty.channel.AbstractChannel$AnnotatedConnectException: Connection refused: localhost/127.0.0.1:8088
]]></system-err>
  </testcase>
</testsuite>